[2021-09-20 12:59:44.022] [exthost] [info] extension host started
[2021-09-20 12:59:44.022] [exthost] [info] Skipping acquiring lock for /home/amin/documents/school/elk/~/.vscode-root/User/workspaceStorage/beaa5dc9f771ae71913a4fdb6bbbe1ca.
[2021-09-20 12:59:44.133] [exthost] [info] ExtensionService#_doActivateExtension vscode.microsoft-authentication {"startup":false,"extensionId":{"value":"vscode.microsoft-authentication","_lower":"vscode.microsoft-authentication"},"activationEvent":"onAuthenticationRequest:microsoft"}
[2021-09-20 12:59:44.133] [exthost] [info] ExtensionService#loadCommonJSModule file:///snap/code/74/usr/share/code/resources/app/extensions/microsoft-authentication/dist/extension.js
[2021-09-20 12:59:44.177] [exthost] [info] ExtensionService#_doActivateExtension vscode.debug-auto-launch {"startup":true,"extensionId":{"value":"vscode.debug-auto-launch","_lower":"vscode.debug-auto-launch"},"activationEvent":"*"}
[2021-09-20 12:59:44.177] [exthost] [info] ExtensionService#loadCommonJSModule file:///snap/code/74/usr/share/code/resources/app/extensions/debug-auto-launch/dist/extension
[2021-09-20 12:59:44.182] [exthost] [info] ExtensionService#_doActivateExtension vscode.git {"startup":true,"extensionId":{"value":"vscode.github","_lower":"vscode.github"},"activationEvent":"*"}
[2021-09-20 12:59:44.182] [exthost] [info] ExtensionService#loadCommonJSModule file:///snap/code/74/usr/share/code/resources/app/extensions/git/dist/main
[2021-09-20 12:59:44.361] [exthost] [info] ExtensionService#_doActivateExtension vscode.github {"startup":true,"extensionId":{"value":"vscode.github","_lower":"vscode.github"},"activationEvent":"*"}
[2021-09-20 12:59:44.361] [exthost] [info] ExtensionService#loadCommonJSModule file:///snap/code/74/usr/share/code/resources/app/extensions/github/dist/extension.js
[2021-09-20 12:59:44.382] [exthost] [info] ExtensionService#_doActivateExtension ms-vscode.js-debug {"startup":false,"extensionId":{"value":"ms-vscode.js-debug","_lower":"ms-vscode.js-debug"},"activationEvent":"onCommand:extension.js-debug.clearAutoAttachVariables"}
[2021-09-20 12:59:44.382] [exthost] [info] ExtensionService#loadCommonJSModule file:///snap/code/74/usr/share/code/resources/app/extensions/ms-vscode.js-debug/src/extension.js
[2021-09-20 12:59:44.568] [exthost] [info] eager extensions activated
[2021-09-20 12:59:44.594] [exthost] [info] ExtensionService#_doActivateExtension vscode.emmet {"startup":false,"extensionId":{"value":"vscode.emmet","_lower":"vscode.emmet"},"activationEvent":"onStartupFinished"}
[2021-09-20 12:59:44.594] [exthost] [info] ExtensionService#loadCommonJSModule file:///snap/code/74/usr/share/code/resources/app/extensions/emmet/dist/node/emmetNodeMain
[2021-09-20 12:59:44.610] [exthost] [info] ExtensionService#_doActivateExtension vscode.merge-conflict {"startup":false,"extensionId":{"value":"vscode.merge-conflict","_lower":"vscode.merge-conflict"},"activationEvent":"onStartupFinished"}
[2021-09-20 12:59:44.610] [exthost] [info] ExtensionService#loadCommonJSModule file:///snap/code/74/usr/share/code/resources/app/extensions/merge-conflict/dist/mergeConflictMain
[2021-09-20 12:59:44.658] [exthost] [info] ExtensionService#_doActivateExtension vscode.github-authentication {"startup":false,"extensionId":{"value":"vscode.github-authentication","_lower":"vscode.github-authentication"},"activationEvent":"onAuthenticationRequest:github"}
[2021-09-20 12:59:44.658] [exthost] [info] ExtensionService#loadCommonJSModule file:///snap/code/74/usr/share/code/resources/app/extensions/github-authentication/dist/extension.js
[2021-09-20 12:59:56.485] [exthost] [info] ExtensionService#_doActivateExtension vscode.html-language-features {"startup":false,"extensionId":{"value":"vscode.html-language-features","_lower":"vscode.html-language-features"},"activationEvent":"onLanguage:html"}
[2021-09-20 12:59:56.485] [exthost] [info] ExtensionService#loadCommonJSModule file:///snap/code/74/usr/share/code/resources/app/extensions/html-language-features/client/dist/node/htmlClientMain
[2021-09-20 15:32:20.036] [exthost] [warning] [Decorations] CAPPING events from decorations provider vscode.git 281
[2021-09-20 15:33:30.214] [exthost] [warning] [Decorations] CAPPING events from decorations provider vscode.git 281
[2021-09-20 15:33:35.344] [exthost] [warning] [Decorations] CAPPING events from decorations provider vscode.git 281
[2021-09-20 15:34:53.745] [exthost] [warning] [Decorations] CAPPING events from decorations provider vscode.git 281
[2021-09-20 15:35:10.950] [exthost] [warning] [Decorations] CAPPING events from decorations provider vscode.git 281
[2021-09-20 15:39:54.802] [exthost] [warning] [Decorations] CAPPING events from decorations provider vscode.git 281
[2021-09-20 15:39:59.895] [exthost] [warning] [Decorations] CAPPING events from decorations provider vscode.git 282
[2021-09-20 15:40:07.117] [exthost] [warning] [Decorations] CAPPING events from decorations provider vscode.git 282
[2021-09-20 15:42:29.040] [exthost] [warning] [Decorations] CAPPING events from decorations provider vscode.git 281
[2021-09-20 15:57:37.302] [exthost] [warning] [Decorations] CAPPING events from decorations provider vscode.git 281
[2021-09-20 15:57:42.362] [exthost] [warning] [Decorations] CAPPING events from decorations provider vscode.git 281
[2021-09-20 15:58:03.604] [exthost] [warning] [Decorations] CAPPING events from decorations provider vscode.git 281
[2021-09-20 16:05:37.118] [exthost] [warning] [Decorations] CAPPING events from decorations provider vscode.git 281
[2021-09-20 16:20:50.226] [exthost] [warning] [Decorations] CAPPING events from decorations provider vscode.git 282
[2021-09-20 16:40:50.871] [exthost] [warning] [Decorations] CAPPING events from decorations provider vscode.git 282
